{"level":"error","message":"Could not get the genres","timestamp":"2019-06-01T11:45:21.698Z"}
{"message":"Something failed during STARTUP!","stack":"Error: Something failed during STARTUP!\n    at Object.<anonymous> (C:\\Users\\neils\\node-app\\vidal-demo\\index.js:26:7)\n    at Module._compile (internal/modules/cjs/loader.js:701:30)\n    at Object.Module._extensions..js (internal/modules/cjs/loader.js:712:10)\n    at Module.load (internal/modules/cjs/loader.js:600:32)\n    at tryModuleLoad (internal/modules/cjs/loader.js:539:12)\n    at Function.Module._load (internal/modules/cjs/loader.js:531:3)\n    at Function.Module.runMain (internal/modules/cjs/loader.js:754:12)\n    at startup (internal/bootstrap/node.js:283:19)\n    at bootstrapNodeJSCore (internal/bootstrap/node.js:622:3)","level":"error","timestamp":"2019-06-01T12:05:50.555Z"}
{"message":"Something failed miserably!!","stack":"Error: Something failed miserably!!\n    at Object.<anonymous> (C:\\Users\\neils\\node-app\\vidal-demo\\index.js:33:26)\n    at Module._compile (internal/modules/cjs/loader.js:701:30)\n    at Object.Module._extensions..js (internal/modules/cjs/loader.js:712:10)\n    at Module.load (internal/modules/cjs/loader.js:600:32)\n    at tryModuleLoad (internal/modules/cjs/loader.js:539:12)\n    at Function.Module._load (internal/modules/cjs/loader.js:531:3)\n    at Function.Module.runMain (internal/modules/cjs/loader.js:754:12)\n    at startup (internal/bootstrap/node.js:283:19)\n    at bootstrapNodeJSCore (internal/bootstrap/node.js:622:3)","level":"error","timestamp":"2019-06-01T12:20:16.580Z"}
{"level":"info","message":"Listening on port ${port}","timestamp":"2019-06-05T12:05:04.227Z"}
{"level":"info","message":"Connected to mongodb://localhost/vidly...","timestamp":"2019-06-05T12:05:05.291Z"}
{"level":"info","message":"Listening on port ${port}","timestamp":"2019-06-05T12:06:49.351Z"}
{"level":"info","message":"Connected to mongodb://localhost/vidly_tests...","timestamp":"2019-06-05T12:06:50.373Z"}
{"level":"info","message":"Listening on port ${port}","timestamp":"2019-06-05T12:30:54.921Z"}
{"level":"error","message":"Could not get the genres","timestamp":"2019-06-05T12:30:54.966Z"}
{"level":"info","message":"Listening on port ${port}","timestamp":"2019-06-05T12:31:45.941Z"}
{"level":"error","message":"Could not get the genres","timestamp":"2019-06-05T12:31:45.950Z"}
{"level":"info","message":"Listening on port ${port}","timestamp":"2019-06-05T12:33:17.002Z"}
{"level":"info","message":"Connected to mongodb://localhost/vidly_tests...","timestamp":"2019-06-05T12:33:18.026Z"}
{"level":"info","message":"Listening on port ${port}","timestamp":"2019-06-08T07:25:16.163Z"}
{"level":"info","message":"Connected to mongodb://localhost/vidly_tests...","timestamp":"2019-06-08T07:25:18.333Z"}
{"level":"info","message":"Listening on port ${port}","timestamp":"2019-06-08T07:42:07.625Z"}
{"level":"info","message":"Connected to mongodb://localhost/vidly_tests...","timestamp":"2019-06-08T07:42:08.687Z"}
{"level":"info","message":"Listening on port ${port}","timestamp":"2019-06-08T07:45:42.145Z"}
{"level":"info","message":"Connected to mongodb://localhost/vidly_tests...","timestamp":"2019-06-08T07:45:43.264Z"}
{"level":"info","message":"Listening on port ${port}","timestamp":"2019-06-08T07:47:50.040Z"}
{"level":"info","message":"Connected to mongodb://localhost/vidly_tests...","timestamp":"2019-06-08T07:47:51.226Z"}
{"level":"info","message":"Listening on port ${port}","timestamp":"2019-06-08T07:49:40.001Z"}
{"level":"info","message":"Connected to mongodb://localhost/vidly_tests...","timestamp":"2019-06-08T07:49:41.187Z"}
{"level":"info","message":"Listening on port ${port}","timestamp":"2019-06-08T08:02:47.298Z"}
{"level":"info","message":"Connected to mongodb://localhost/vidly_tests...","timestamp":"2019-06-08T08:02:48.433Z"}
{"level":"info","message":"Listening on port ${port}","timestamp":"2019-06-08T08:04:04.568Z"}
{"level":"info","message":"Connected to mongodb://localhost/vidly_tests...","timestamp":"2019-06-08T08:04:05.770Z"}
{"level":"info","message":"Listening on port ${port}","timestamp":"2019-06-08T08:04:41.921Z"}
{"level":"info","message":"Connected to mongodb://localhost/vidly_tests...","timestamp":"2019-06-08T08:04:42.982Z"}
{"level":"info","message":"Listening on port ${port}","timestamp":"2019-06-08T08:05:18.002Z"}
{"level":"info","message":"Connected to mongodb://localhost/vidly_tests...","timestamp":"2019-06-08T08:05:19.081Z"}
{"level":"error","message":"mongoose is not defined","timestamp":"2019-06-08T08:05:19.167Z"}
{"level":"error","message":"mongoose is not defined","timestamp":"2019-06-08T08:05:19.178Z"}
{"level":"info","message":"Listening on port ${port}","timestamp":"2019-06-08T08:05:52.629Z"}
{"level":"info","message":"Connected to mongodb://localhost/vidly_tests...","timestamp":"2019-06-08T08:05:53.674Z"}
{"level":"error","message":"mongoose is not defined","timestamp":"2019-06-08T08:05:53.758Z"}
{"level":"error","message":"mongoose is not defined","timestamp":"2019-06-08T08:05:53.769Z"}
{"level":"info","message":"Listening on port ${port}","timestamp":"2019-06-08T08:06:31.113Z"}
{"level":"info","message":"Connected to mongodb://localhost/vidly_tests...","timestamp":"2019-06-08T08:06:32.279Z"}
{"level":"error","message":"mongoose is not defined","timestamp":"2019-06-08T08:06:32.350Z"}
{"level":"error","message":"mongoose is not defined","timestamp":"2019-06-08T08:06:32.362Z"}
{"level":"info","message":"Listening on port ${port}","timestamp":"2019-06-08T08:10:27.112Z"}
{"level":"info","message":"Connected to mongodb://localhost/vidly_tests...","timestamp":"2019-06-08T08:10:28.182Z"}
{"level":"info","message":"Listening on port ${port}","timestamp":"2019-06-08T08:18:01.695Z"}
{"level":"info","message":"Connected to mongodb://localhost/vidly_tests...","timestamp":"2019-06-08T08:18:02.731Z"}
{"level":"info","message":"Listening on port ${port}","timestamp":"2019-06-08T08:18:18.752Z"}
{"level":"info","message":"Connected to mongodb://localhost/vidly_tests...","timestamp":"2019-06-08T08:18:19.968Z"}
{"level":"info","message":"Listening on port ${port}","timestamp":"2019-06-08T08:30:06.866Z"}
{"level":"info","message":"Connected to mongodb://localhost/vidly_tests...","timestamp":"2019-06-08T08:30:07.964Z"}
{"level":"info","message":"Listening on port ${port}","timestamp":"2019-06-08T08:32:15.406Z"}
{"level":"info","message":"Connected to mongodb://localhost/vidly_tests...","timestamp":"2019-06-08T08:32:16.606Z"}
{"level":"info","message":"Listening on port ${port}","timestamp":"2019-06-08T08:35:35.411Z"}
{"level":"info","message":"Connected to mongodb://localhost/vidly_tests...","timestamp":"2019-06-08T08:35:36.577Z"}
{"level":"info","message":"Listening on port ${port}","timestamp":"2019-06-08T08:37:01.766Z"}
{"level":"info","message":"Connected to mongodb://localhost/vidly_tests...","timestamp":"2019-06-08T08:37:02.990Z"}
{"level":"info","message":"Listening on port ${port}","timestamp":"2019-06-08T08:39:00.960Z"}
{"level":"info","message":"Connected to mongodb://localhost/vidly_tests...","timestamp":"2019-06-08T08:39:02.187Z"}
{"level":"info","message":"Listening on port ${port}","timestamp":"2019-06-08T08:39:28.815Z"}
{"level":"info","message":"Connected to mongodb://localhost/vidly_tests...","timestamp":"2019-06-08T08:39:29.887Z"}
{"level":"info","message":"Listening on port ${port}","timestamp":"2019-06-08T08:39:47.920Z"}
{"level":"info","message":"Connected to mongodb://localhost/vidly_tests...","timestamp":"2019-06-08T08:39:49.013Z"}
{"level":"info","message":"Listening on port ${port}","timestamp":"2019-06-08T09:58:21.124Z"}
{"level":"info","message":"Connected to mongodb://localhost/vidly_tests...","timestamp":"2019-06-08T09:58:22.252Z"}
{"level":"info","message":"Listening on port ${port}","timestamp":"2019-06-08T10:03:34.061Z"}
{"level":"info","message":"Connected to mongodb://localhost/vidly_tests...","timestamp":"2019-06-08T10:03:35.162Z"}
{"level":"info","message":"Listening on port ${port}","timestamp":"2019-06-08T10:04:22.605Z"}
{"level":"info","message":"Connected to mongodb://localhost/vidly_tests...","timestamp":"2019-06-08T10:04:23.810Z"}
{"level":"info","message":"Listening on port ${port}","timestamp":"2019-06-08T10:07:01.214Z"}
{"level":"info","message":"Connected to mongodb://localhost/vidly_tests...","timestamp":"2019-06-08T10:07:02.254Z"}
{"level":"info","message":"Listening on port ${port}","timestamp":"2019-06-08T10:09:00.932Z"}
{"level":"info","message":"Connected to mongodb://localhost/vidly_tests...","timestamp":"2019-06-08T10:09:02.184Z"}
{"level":"info","message":"Listening on port ${port}","timestamp":"2019-06-08T10:10:15.206Z"}
{"level":"info","message":"Connected to mongodb://localhost/vidly_tests...","timestamp":"2019-06-08T10:10:16.359Z"}
{"level":"info","message":"Listening on port ${port}","timestamp":"2019-06-08T10:11:54.148Z"}
{"level":"info","message":"Connected to mongodb://localhost/vidly_tests...","timestamp":"2019-06-08T10:11:55.258Z"}
{"level":"info","message":"Listening on port ${port}","timestamp":"2019-06-08T10:14:10.809Z"}
{"level":"info","message":"Connected to mongodb://localhost/vidly_tests...","timestamp":"2019-06-08T10:14:11.972Z"}
{"level":"info","message":"Listening on port ${port}","timestamp":"2019-06-08T10:14:55.110Z"}
{"level":"info","message":"Connected to mongodb://localhost/vidly_tests...","timestamp":"2019-06-08T10:14:56.209Z"}
{"level":"info","message":"Listening on port ${port}","timestamp":"2019-06-08T10:15:41.808Z"}
{"level":"info","message":"Connected to mongodb://localhost/vidly_tests...","timestamp":"2019-06-08T10:15:42.993Z"}
{"level":"info","message":"Listening on port ${port}","timestamp":"2019-06-08T10:18:56.291Z"}
{"level":"info","message":"Connected to mongodb://localhost/vidly_tests...","timestamp":"2019-06-08T10:18:57.364Z"}
{"level":"info","message":"Listening on port ${port}","timestamp":"2019-06-08T14:20:06.941Z"}
{"level":"info","message":"Connected to mongodb://localhost/vidly_tests...","timestamp":"2019-06-08T14:20:08.109Z"}
{"level":"info","message":"Listening on port ${port}","timestamp":"2019-06-08T14:34:17.144Z"}
{"level":"info","message":"Connected to mongodb://localhost/vidly_tests...","timestamp":"2019-06-08T14:34:18.329Z"}
{"level":"info","message":"Listening on port ${port}","timestamp":"2019-06-08T14:34:50.682Z"}
{"level":"info","message":"Listening on port ${port}","timestamp":"2019-06-08T14:34:51.358Z"}
{"level":"info","message":"Connected to mongodb://localhost/vidly_tests...","timestamp":"2019-06-08T14:34:51.773Z"}
{"level":"info","message":"Listening on port ${port}","timestamp":"2019-06-08T14:35:50.574Z"}
{"level":"info","message":"Listening on port ${port}","timestamp":"2019-06-08T14:35:51.148Z"}
{"level":"info","message":"Connected to mongodb://localhost/vidly_tests...","timestamp":"2019-06-08T14:35:51.740Z"}
{"level":"info","message":"Listening on port ${port}","timestamp":"2019-06-08T14:36:47.022Z"}
{"level":"info","message":"Listening on port ${port}","timestamp":"2019-06-08T14:36:47.533Z"}
{"level":"info","message":"Connected to mongodb://localhost/vidly_tests...","timestamp":"2019-06-08T14:36:48.066Z"}
{"level":"info","message":"Listening on port 3000","timestamp":"2019-06-08T14:38:00.058Z"}
{"level":"info","message":"Connected to mongodb://localhost/vidly_tests...","timestamp":"2019-06-08T14:38:01.192Z"}
{"level":"info","message":"Connected to mongodb://localhost/vidly_tests...","timestamp":"2019-06-08T14:38:01.215Z"}
{"level":"info","message":"Listening on port 3000","timestamp":"2019-06-08T14:38:01.226Z"}
{"level":"info","message":"Listening on port ${port}","timestamp":"2019-06-08T14:38:46.061Z"}
{"level":"info","message":"Listening on port ${port}","timestamp":"2019-06-08T14:38:46.156Z"}
{"level":"info","message":"Connected to mongodb://localhost/vidly_tests...","timestamp":"2019-06-08T14:38:47.309Z"}
{"level":"info","message":"Connected to mongodb://localhost/vidly_tests...","timestamp":"2019-06-08T14:38:47.494Z"}
{"level":"info","message":"Listening on port ${port}","timestamp":"2019-06-08T14:40:07.636Z"}
{"level":"info","message":"Listening on port ${port}","timestamp":"2019-06-08T14:40:07.694Z"}
{"level":"info","message":"Connected to mongodb://localhost/vidly_tests...","timestamp":"2019-06-08T14:40:08.860Z"}
{"level":"info","message":"Connected to mongodb://localhost/vidly_tests...","timestamp":"2019-06-08T14:40:09.002Z"}
{"level":"info","message":"Listening on port ${port}","timestamp":"2019-06-08T14:46:37.289Z"}
{"level":"info","message":"Listening on port ${port}","timestamp":"2019-06-08T14:46:37.967Z"}
{"level":"info","message":"Connected to mongodb://localhost/vidly_tests...","timestamp":"2019-06-08T14:46:38.430Z"}
{"level":"info","message":"Listening on port ${port}","timestamp":"2019-06-08T14:50:26.800Z"}
{"level":"info","message":"Listening on port ${port}","timestamp":"2019-06-08T14:50:27.130Z"}
{"level":"info","message":"Connected to mongodb://localhost/vidly_tests...","timestamp":"2019-06-08T14:50:28.076Z"}
{"level":"info","message":"Connected to mongodb://localhost/vidly_tests...","timestamp":"2019-06-08T14:50:28.170Z"}
{"level":"info","message":"Listening on port ${port}","timestamp":"2019-06-08T14:53:22.425Z"}
{"level":"info","message":"Connected to mongodb://localhost/vidly_tests...","timestamp":"2019-06-08T14:53:23.714Z"}
{"level":"info","message":"Listening on port ${port}","timestamp":"2019-06-08T14:53:24.033Z"}
{"level":"info","message":"Connected to mongodb://localhost/vidly_tests...","timestamp":"2019-06-08T14:53:25.212Z"}
{"level":"info","message":"Listening on port ${port}","timestamp":"2019-06-08T14:53:58.809Z"}
{"level":"info","message":"Listening on port ${port}","timestamp":"2019-06-08T14:53:59.162Z"}
{"level":"info","message":"Connected to mongodb://localhost/vidly_tests...","timestamp":"2019-06-08T14:54:00.074Z"}
{"level":"info","message":"Connected to mongodb://localhost/vidly_tests...","timestamp":"2019-06-08T14:54:00.382Z"}
{"level":"info","message":"Listening on port ${port}","timestamp":"2019-06-08T14:56:02.728Z"}
{"level":"info","message":"Listening on port ${port}","timestamp":"2019-06-08T14:56:03.342Z"}
{"level":"info","message":"Connected to mongodb://localhost/vidly_tests...","timestamp":"2019-06-08T14:56:03.902Z"}
{"level":"info","message":"Connected to mongodb://localhost/vidly_tests...","timestamp":"2019-06-08T14:56:04.432Z"}
{"level":"info","message":"Connected to mongodb://localhost/vidly_tests...","timestamp":"2019-06-08T14:57:03.405Z"}
{"level":"info","message":"Connected to mongodb://localhost/vidly_tests...","timestamp":"2019-06-08T14:57:03.537Z"}
{"level":"info","message":"Listening on port ${port}","timestamp":"2019-06-08T14:57:32.686Z"}
{"level":"info","message":"Listening on port ${port}","timestamp":"2019-06-08T14:57:32.896Z"}
{"level":"info","message":"Connected to mongodb://localhost/vidly_tests...","timestamp":"2019-06-08T14:57:33.938Z"}
{"level":"info","message":"Connected to mongodb://localhost/vidly_tests...","timestamp":"2019-06-08T14:57:34.068Z"}
{"level":"info","message":"Listening on port ${port}","timestamp":"2019-06-08T14:58:38.143Z"}
{"level":"info","message":"Connected to mongodb://localhost/vidly_tests...","timestamp":"2019-06-08T14:58:39.200Z"}
{"level":"info","message":"Connected to mongodb://localhost/vidly_tests...","timestamp":"2019-06-08T14:58:39.343Z"}
{"level":"info","message":"Listening on port ${port}","timestamp":"2019-06-08T14:58:39.354Z"}
{"level":"info","message":"Listening on port ${port}","timestamp":"2019-06-08T15:00:18.549Z"}
{"level":"info","message":"Connected to mongodb://localhost/vidly_tests...","timestamp":"2019-06-08T15:00:19.636Z"}
{"level":"info","message":"Connected to mongodb://localhost/vidly_tests...","timestamp":"2019-06-08T15:00:20.605Z"}
{"level":"info","message":"Listening on port ${port}","timestamp":"2019-06-08T15:00:20.619Z"}
{"level":"info","message":"Listening on port ${port}","timestamp":"2019-06-08T15:01:03.519Z"}
{"level":"info","message":"Connected to mongodb://localhost/vidly_tests...","timestamp":"2019-06-08T15:01:04.691Z"}
{"level":"info","message":"Connected to mongodb://localhost/vidly_tests...","timestamp":"2019-06-08T15:01:04.710Z"}
{"level":"info","message":"Listening on port ${port}","timestamp":"2019-06-08T15:01:04.720Z"}
{"level":"info","message":"Listening on port ${port}","timestamp":"2019-06-08T15:05:45.621Z"}
{"level":"info","message":"Connected to mongodb://localhost/vidly_tests...","timestamp":"2019-06-08T15:05:46.890Z"}
{"level":"info","message":"Connected to mongodb://localhost/vidly_tests...","timestamp":"2019-06-08T15:05:47.000Z"}
{"level":"info","message":"Listening on port ${port}","timestamp":"2019-06-08T15:05:47.011Z"}
{"level":"info","message":"Listening on port ${port}","timestamp":"2019-06-08T15:25:43.015Z"}
{"level":"info","message":"Connected to mongodb://localhost/vidly_tests...","timestamp":"2019-06-08T15:25:44.302Z"}
{"level":"info","message":"Connected to mongodb://localhost/vidly_tests...","timestamp":"2019-06-08T15:25:44.396Z"}
{"level":"info","message":"Listening on port ${port}","timestamp":"2019-06-08T15:25:44.414Z"}
{"level":"info","message":"Listening on port ${port}","timestamp":"2019-06-08T15:28:13.035Z"}
{"level":"info","message":"Listening on port ${port}","timestamp":"2019-06-08T15:28:13.056Z"}
{"level":"info","message":"Connected to mongodb://localhost/vidly_tests...","timestamp":"2019-06-08T15:28:14.207Z"}
{"level":"info","message":"Connected to mongodb://localhost/vidly_tests...","timestamp":"2019-06-08T15:28:14.215Z"}
{"level":"info","message":"Listening on port ${port}","timestamp":"2019-06-08T15:35:07.836Z"}
{"level":"info","message":"Connected to mongodb://localhost/vidly_tests...","timestamp":"2019-06-08T15:35:09.085Z"}
{"level":"info","message":"Connected to mongodb://localhost/vidly_tests...","timestamp":"2019-06-08T15:35:09.214Z"}
{"level":"info","message":"Listening on port ${port}","timestamp":"2019-06-08T15:35:09.228Z"}
{"level":"info","message":"Listening on port ${port}","timestamp":"2019-06-08T15:37:28.650Z"}
{"level":"info","message":"Listening on port ${port}","timestamp":"2019-06-08T15:37:29.041Z"}
{"level":"info","message":"Connected to mongodb://localhost/vidly_tests...","timestamp":"2019-06-08T15:37:29.803Z"}
{"level":"info","message":"Connected to mongodb://localhost/vidly_tests...","timestamp":"2019-06-08T15:37:30.156Z"}
{"level":"info","message":"Listening on port ${port}","timestamp":"2019-06-08T15:38:50.781Z"}
{"level":"info","message":"Connected to mongodb://localhost/vidly_tests...","timestamp":"2019-06-08T15:38:51.997Z"}
{"level":"info","message":"Connected to mongodb://localhost/vidly_tests...","timestamp":"2019-06-08T15:38:52.113Z"}
{"level":"info","message":"Listening on port ${port}","timestamp":"2019-06-08T15:38:52.124Z"}
{"level":"info","message":"Listening on port ${port}","timestamp":"2019-06-08T15:41:47.483Z"}
{"level":"info","message":"Listening on port ${port}","timestamp":"2019-06-08T15:41:47.518Z"}
{"level":"info","message":"Connected to mongodb://localhost/vidly_tests...","timestamp":"2019-06-08T15:41:48.648Z"}
{"level":"info","message":"Connected to mongodb://localhost/vidly_tests...","timestamp":"2019-06-08T15:41:48.725Z"}
{"level":"info","message":"Listening on port ${port}","timestamp":"2019-06-08T15:42:33.685Z"}
{"level":"info","message":"Listening on port ${port}","timestamp":"2019-06-08T15:42:33.740Z"}
{"level":"info","message":"Connected to mongodb://localhost/vidly_tests...","timestamp":"2019-06-08T15:42:34.904Z"}
{"level":"info","message":"Connected to mongodb://localhost/vidly_tests...","timestamp":"2019-06-08T15:42:35.019Z"}
{"level":"info","message":"Listening on port ${port}","timestamp":"2019-06-08T16:01:02.437Z"}
{"level":"info","message":"Connected to mongodb://localhost/vidly_tests...","timestamp":"2019-06-08T16:01:03.709Z"}
{"level":"info","message":"Connected to mongodb://localhost/vidly_tests...","timestamp":"2019-06-08T16:01:04.204Z"}
{"level":"info","message":"Listening on port ${port}","timestamp":"2019-06-08T16:01:04.218Z"}
{"level":"info","message":"Listening on port ${port}","timestamp":"2019-06-08T16:02:22.088Z"}
{"level":"info","message":"Connected to mongodb://localhost/vidly_tests...","timestamp":"2019-06-08T16:02:23.143Z"}
{"level":"info","message":"Listening on port ${port}","timestamp":"2019-06-08T16:02:24.364Z"}
{"level":"info","message":"Connected to mongodb://localhost/vidly_tests...","timestamp":"2019-06-08T16:02:25.506Z"}
{"level":"info","message":"Listening on port ${port}","timestamp":"2019-06-08T16:09:47.722Z"}
{"level":"info","message":"Connected to mongodb://localhost/vidly_tests...","timestamp":"2019-06-08T16:09:48.896Z"}
{"level":"info","message":"Connected to mongodb://localhost/vidly_tests...","timestamp":"2019-06-08T16:09:49.483Z"}
{"level":"info","message":"Listening on port ${port}","timestamp":"2019-06-08T16:09:49.495Z"}
{"level":"info","message":"Listening on port ${port}","timestamp":"2019-06-09T15:36:49.509Z"}
{"level":"info","message":"Connected to mongodb://localhost/vidly...","timestamp":"2019-06-09T15:36:50.529Z"}
{"level":"info","message":"Listening on port ${port}","timestamp":"2019-06-09T15:37:16.710Z"}
{"level":"info","message":"Connected to mongodb://localhost/vidly_tests...","timestamp":"2019-06-09T15:37:17.732Z"}
{"level":"info","message":"Connected to mongodb://localhost/vidly_tests...","timestamp":"2019-06-09T15:37:17.754Z"}
{"level":"info","message":"Listening on port ${port}","timestamp":"2019-06-09T15:37:17.766Z"}
{"level":"info","message":"Listening on port ${port}","timestamp":"2019-06-09T15:38:28.628Z"}
{"level":"info","message":"Listening on port ${port}","timestamp":"2019-06-09T15:38:28.685Z"}
{"level":"info","message":"Connected to mongodb://localhost/vidly...","timestamp":"2019-06-09T15:38:29.668Z"}
{"level":"info","message":"Connected to mongodb://localhost/vidly...","timestamp":"2019-06-09T15:38:29.721Z"}
{"level":"info","message":"Listening on port ${port}","timestamp":"2019-06-09T15:46:29.400Z"}
{"level":"info","message":"Listening on port ${port}","timestamp":"2019-06-09T15:46:29.501Z"}
{"level":"info","message":"Connected to mongodb://localhost/vidly...","timestamp":"2019-06-09T15:46:30.423Z"}
{"level":"info","message":"Connected to mongodb://localhost/vidly...","timestamp":"2019-06-09T15:46:30.538Z"}
{"level":"info","message":"Listening on port ${port}","timestamp":"2019-06-09T15:47:15.345Z"}
{"level":"info","message":"Listening on port ${port}","timestamp":"2019-06-09T15:47:15.411Z"}
{"level":"info","message":"Connected to mongodb://localhost/vidly...","timestamp":"2019-06-09T15:47:16.369Z"}
{"level":"info","message":"Connected to mongodb://localhost/vidly...","timestamp":"2019-06-09T15:47:16.445Z"}
{"level":"info","message":"Listening on port ${port}","timestamp":"2019-06-09T15:47:41.376Z"}
{"level":"info","message":"Listening on port ${port}","timestamp":"2019-06-09T15:47:41.394Z"}
{"level":"info","message":"Connected to mongodb://localhost/vidly...","timestamp":"2019-06-09T15:47:42.400Z"}
{"level":"info","message":"Connected to mongodb://localhost/vidly...","timestamp":"2019-06-09T15:47:42.425Z"}
{"level":"info","message":"Listening on port ${port}","timestamp":"2019-06-09T15:52:39.243Z"}
{"level":"info","message":"Connected to mongodb://localhost/vidly...","timestamp":"2019-06-09T15:52:40.265Z"}
{"level":"info","message":"Listening on port ${port}","timestamp":"2019-06-09T15:53:27.806Z"}
{"level":"info","message":"Connected to mongodb://localhost/vidly...","timestamp":"2019-06-09T15:53:28.834Z"}
{"level":"info","message":"Listening on port ${port}","timestamp":"2019-06-09T15:53:30.357Z"}
{"level":"info","message":"Connected to mongodb://localhost/vidly...","timestamp":"2019-06-09T15:53:31.378Z"}
{"level":"info","message":"Listening on port ${port}","timestamp":"2019-06-09T15:55:24.016Z"}
{"level":"info","message":"Listening on port ${port}","timestamp":"2019-06-09T15:55:24.098Z"}
{"level":"info","message":"Connected to mongodb://localhost/vidly...","timestamp":"2019-06-09T15:55:25.038Z"}
{"level":"info","message":"Connected to mongodb://localhost/vidly...","timestamp":"2019-06-09T15:55:25.128Z"}
{"level":"info","message":"Listening on port ${port}","timestamp":"2019-06-09T15:55:47.034Z"}
{"level":"info","message":"Listening on port ${port}","timestamp":"2019-06-09T15:55:47.160Z"}
{"level":"info","message":"Connected to mongodb://localhost/vidly...","timestamp":"2019-06-09T15:55:48.058Z"}
{"level":"info","message":"Connected to mongodb://localhost/vidly...","timestamp":"2019-06-09T15:55:48.196Z"}
{"level":"info","message":"Listening on port ${port}","timestamp":"2019-06-09T15:59:04.977Z"}
{"level":"info","message":"Connected to mongodb://localhost/vidly_tests...","timestamp":"2019-06-09T15:59:06.008Z"}
{"level":"info","message":"Connected to mongodb://localhost/vidly_tests...","timestamp":"2019-06-09T15:59:06.674Z"}
{"level":"info","message":"Listening on port ${port}","timestamp":"2019-06-09T15:59:06.683Z"}
{"level":"info","message":"Listening on port ${port}","timestamp":"2019-06-09T16:01:59.605Z"}
{"level":"info","message":"Listening on port ${port}","timestamp":"2019-06-09T16:01:59.644Z"}
{"level":"info","message":"Connected to mongodb://localhost/vidly_tests...","timestamp":"2019-06-09T16:02:00.629Z"}
{"level":"info","message":"Connected to mongodb://localhost/vidly_tests...","timestamp":"2019-06-09T16:02:00.677Z"}
{"level":"info","message":"Listening on port ${port}","timestamp":"2019-06-09T16:04:03.823Z"}
{"level":"info","message":"Listening on port ${port}","timestamp":"2019-06-09T16:04:03.908Z"}
{"level":"info","message":"Connected to mongodb://localhost/vidly_tests...","timestamp":"2019-06-09T16:04:04.849Z"}
{"level":"info","message":"Connected to mongodb://localhost/vidly_tests...","timestamp":"2019-06-09T16:04:04.950Z"}
{"level":"info","message":"Listening on port ${port}","timestamp":"2019-06-09T16:05:34.532Z"}
{"level":"info","message":"Connected to mongodb://localhost/vidly_tests...","timestamp":"2019-06-09T16:05:35.556Z"}
{"level":"info","message":"Connected to mongodb://localhost/vidly_tests...","timestamp":"2019-06-09T16:05:35.581Z"}
{"level":"info","message":"Listening on port ${port}","timestamp":"2019-06-09T16:05:35.592Z"}
{"level":"info","message":"Listening on port ${port}","timestamp":"2019-06-09T16:08:36.333Z"}
{"level":"info","message":"Connected to mongodb://localhost/vidly_tests...","timestamp":"2019-06-09T16:08:37.355Z"}
{"level":"info","message":"Connected to mongodb://localhost/vidly_tests...","timestamp":"2019-06-09T16:08:37.982Z"}
{"level":"info","message":"Listening on port ${port}","timestamp":"2019-06-09T16:08:37.991Z"}
{"level":"info","message":"Listening on port ${port}","timestamp":"2019-06-09T16:12:19.315Z"}
{"level":"info","message":"Connected to mongodb://localhost/vidly_tests...","timestamp":"2019-06-09T16:12:20.339Z"}
{"level":"info","message":"Listening on port ${port}","timestamp":"2019-06-09T16:16:17.524Z"}
{"level":"info","message":"Connected to mongodb://localhost/vidly_tests...","timestamp":"2019-06-09T16:16:18.547Z"}
{"level":"info","message":"Connected to mongodb://localhost/vidly_tests...","timestamp":"2019-06-09T16:16:19.499Z"}
{"level":"info","message":"Listening on port ${port}","timestamp":"2019-06-09T16:16:19.508Z"}
{"level":"info","message":"Listening on port ${port}","timestamp":"2019-06-09T16:19:10.993Z"}
{"level":"info","message":"Connected to mongodb://localhost/vidly_tests...","timestamp":"2019-06-09T16:19:12.019Z"}
{"level":"info","message":"Connected to mongodb://localhost/vidly_tests...","timestamp":"2019-06-09T16:19:12.628Z"}
{"level":"info","message":"Listening on port ${port}","timestamp":"2019-06-09T16:19:12.639Z"}
{"level":"info","message":"Listening on port ${port}","timestamp":"2019-06-09T16:20:01.913Z"}
{"level":"info","message":"Connected to mongodb://localhost/vidly_tests...","timestamp":"2019-06-09T16:20:02.936Z"}
{"level":"info","message":"Connected to mongodb://localhost/vidly_tests...","timestamp":"2019-06-09T16:20:02.986Z"}
{"level":"info","message":"Listening on port ${port}","timestamp":"2019-06-09T16:20:02.999Z"}
{"level":"info","message":"Listening on port ${port}","timestamp":"2019-06-09T16:57:31.446Z"}
{"level":"info","message":"Connected to mongodb://localhost/vidly_tests...","timestamp":"2019-06-09T16:57:32.468Z"}
{"level":"info","message":"Connected to mongodb://localhost/vidly_tests...","timestamp":"2019-06-09T16:57:32.538Z"}
{"level":"info","message":"Listening on port ${port}","timestamp":"2019-06-09T16:57:32.548Z"}
{"level":"info","message":"Listening on port ${port}","timestamp":"2019-06-09T16:59:39.814Z"}
{"level":"info","message":"Connected to mongodb://localhost/vidly_tests...","timestamp":"2019-06-09T16:59:40.838Z"}
{"level":"info","message":"Connected to mongodb://localhost/vidly_tests...","timestamp":"2019-06-09T16:59:40.882Z"}
{"level":"info","message":"Listening on port ${port}","timestamp":"2019-06-09T16:59:40.896Z"}
{"level":"info","message":"Listening on port ${port}","timestamp":"2019-06-09T17:15:18.792Z"}
{"level":"info","message":"Listening on port ${port}","timestamp":"2019-06-09T17:15:19.367Z"}
{"level":"info","message":"Connected to mongodb://localhost/vidly_tests...","timestamp":"2019-06-09T17:15:19.816Z"}
{"level":"info","message":"Connected to mongodb://localhost/vidly_tests...","timestamp":"2019-06-09T17:15:20.400Z"}
{"level":"info","message":"Listening on port ${port}","timestamp":"2019-06-09T17:20:04.859Z"}
{"level":"info","message":"Connected to mongodb://localhost/vidly_tests...","timestamp":"2019-06-09T17:20:06.064Z"}
{"level":"info","message":"Connected to mongodb://localhost/vidly_tests...","timestamp":"2019-06-09T17:20:06.522Z"}
{"level":"info","message":"Listening on port ${port}","timestamp":"2019-06-09T17:20:06.534Z"}
{"level":"info","message":"Listening on port ${port}","timestamp":"2019-06-09T17:21:54.837Z"}
{"level":"info","message":"Connected to mongodb://localhost/vidly_tests...","timestamp":"2019-06-09T17:21:55.862Z"}
{"level":"info","message":"Connected to mongodb://localhost/vidly_tests...","timestamp":"2019-06-09T17:21:55.969Z"}
{"level":"info","message":"Listening on port ${port}","timestamp":"2019-06-09T17:21:55.985Z"}
{"level":"info","message":"Listening on port ${port}","timestamp":"2019-06-09T17:24:45.805Z"}
{"level":"info","message":"Connected to mongodb://localhost/vidly_tests...","timestamp":"2019-06-09T17:24:46.835Z"}
{"level":"info","message":"Connected to mongodb://localhost/vidly_tests...","timestamp":"2019-06-09T17:24:46.948Z"}
{"level":"info","message":"Listening on port ${port}","timestamp":"2019-06-09T17:24:46.962Z"}
{"level":"info","message":"Listening on port ${port}","timestamp":"2019-06-09T17:26:36.788Z"}
{"level":"info","message":"Connected to mongodb://localhost/vidly_tests...","timestamp":"2019-06-09T17:26:37.811Z"}
{"level":"info","message":"Connected to mongodb://localhost/vidly_tests...","timestamp":"2019-06-09T17:26:37.887Z"}
{"level":"info","message":"Listening on port ${port}","timestamp":"2019-06-09T17:26:37.899Z"}
{"level":"info","message":"Listening on port ${port}","timestamp":"2019-06-09T17:26:55.934Z"}
{"level":"info","message":"Listening on port ${port}","timestamp":"2019-06-09T17:26:56.074Z"}
{"level":"info","message":"Connected to mongodb://localhost/vidly_tests...","timestamp":"2019-06-09T17:26:56.959Z"}
{"level":"info","message":"Connected to mongodb://localhost/vidly_tests...","timestamp":"2019-06-09T17:26:57.110Z"}
{"level":"info","message":"Listening on port ${port}","timestamp":"2019-06-09T17:28:44.853Z"}
{"level":"info","message":"Connected to mongodb://localhost/vidly_tests...","timestamp":"2019-06-09T17:28:45.995Z"}
{"level":"info","message":"Connected to mongodb://localhost/vidly_tests...","timestamp":"2019-06-09T17:28:46.122Z"}
{"level":"info","message":"Listening on port ${port}","timestamp":"2019-06-09T17:28:46.134Z"}
{"level":"info","message":"Listening on port ${port}","timestamp":"2019-06-09T17:30:17.319Z"}
{"level":"info","message":"Connected to mongodb://localhost/vidly_tests...","timestamp":"2019-06-09T17:30:18.345Z"}
{"level":"info","message":"Connected to mongodb://localhost/vidly_tests...","timestamp":"2019-06-09T17:30:18.365Z"}
{"level":"info","message":"Listening on port ${port}","timestamp":"2019-06-09T17:30:18.377Z"}
{"level":"info","message":"Listening on port ${port}","timestamp":"2019-06-09T17:30:33.296Z"}
{"level":"info","message":"Listening on port ${port}","timestamp":"2019-06-09T17:30:33.407Z"}
{"level":"info","message":"Connected to mongodb://localhost/vidly_tests...","timestamp":"2019-06-09T17:30:34.331Z"}
{"level":"info","message":"Connected to mongodb://localhost/vidly_tests...","timestamp":"2019-06-09T17:30:34.439Z"}
{"level":"info","message":"Listening on port ${port}","timestamp":"2019-06-09T17:31:58.438Z"}
{"level":"info","message":"Listening on port ${port}","timestamp":"2019-06-09T17:31:58.602Z"}
{"level":"info","message":"Connected to mongodb://localhost/vidly_tests...","timestamp":"2019-06-09T17:31:59.467Z"}
{"level":"info","message":"Connected to mongodb://localhost/vidly_tests...","timestamp":"2019-06-09T17:31:59.639Z"}
{"level":"info","message":"Listening on port ${port}","timestamp":"2019-06-09T17:31:59.919Z"}
{"level":"info","message":"Connected to mongodb://localhost/vidly_tests...","timestamp":"2019-06-09T17:32:00.945Z"}
{"level":"info","message":"Listening on port ${port}","timestamp":"2019-06-09T17:45:39.266Z"}
{"level":"info","message":"Connected to mongodb://localhost/vidly_tests...","timestamp":"2019-06-09T17:45:40.296Z"}
{"level":"info","message":"Connected to mongodb://localhost/vidly_tests...","timestamp":"2019-06-09T17:45:40.320Z"}
{"level":"info","message":"Listening on port ${port}","timestamp":"2019-06-09T17:45:40.332Z"}
{"level":"info","message":"Connected to mongodb://localhost/vidly_tests...","timestamp":"2019-06-09T17:45:41.157Z"}
{"level":"info","message":"Listening on port ${port}","timestamp":"2019-06-09T17:45:50.517Z"}
{"level":"info","message":"Listening on port ${port}","timestamp":"2019-06-09T17:45:50.890Z"}
{"level":"info","message":"Connected to mongodb://localhost/vidly_tests...","timestamp":"2019-06-09T17:45:51.548Z"}
{"level":"info","message":"Connected to mongodb://localhost/vidly_tests...","timestamp":"2019-06-09T17:45:51.960Z"}
{"level":"info","message":"Connected to mongodb://localhost/vidly_tests...","timestamp":"2019-06-09T17:45:52.276Z"}
{"level":"info","message":"Listening on port ${port}","timestamp":"2019-06-09T17:46:47.559Z"}
{"level":"info","message":"Connected to mongodb://localhost/vidly_tests...","timestamp":"2019-06-09T17:46:48.612Z"}
{"level":"info","message":"Listening on port ${port}","timestamp":"2019-06-09T17:46:48.620Z"}
{"level":"info","message":"Connected to mongodb://localhost/vidly_tests...","timestamp":"2019-06-09T17:46:48.671Z"}
{"level":"info","message":"Connected to mongodb://localhost/vidly_tests...","timestamp":"2019-06-09T17:46:48.691Z"}
{"level":"info","message":"Listening on port ${port}","timestamp":"2019-06-09T17:52:49.458Z"}
{"level":"info","message":"Connected to mongodb://localhost/vidly_tests...","timestamp":"2019-06-09T17:52:50.508Z"}
{"level":"info","message":"Connected to mongodb://localhost/vidly_tests...","timestamp":"2019-06-09T17:52:50.716Z"}
{"level":"info","message":"Listening on port ${port}","timestamp":"2019-06-09T17:52:50.729Z"}
{"level":"info","message":"Connected to mongodb://localhost/vidly_tests...","timestamp":"2019-06-09T17:52:51.102Z"}
{"level":"info","message":"Listening on port ${port}","timestamp":"2019-06-09T17:53:04.540Z"}
{"level":"info","message":"Listening on port ${port}","timestamp":"2019-06-09T17:53:05.541Z"}
{"level":"info","message":"Connected to mongodb://localhost/vidly_tests...","timestamp":"2019-06-09T17:53:05.581Z"}
{"level":"info","message":"Connected to mongodb://localhost/vidly_tests...","timestamp":"2019-06-09T17:53:06.433Z"}
{"level":"info","message":"Listening on port ${port}","timestamp":"2019-06-09T17:53:06.451Z"}
{"level":"info","message":"Connected to mongodb://localhost/vidly_tests...","timestamp":"2019-06-09T17:53:06.594Z"}
{"level":"info","message":"Listening on port ${port}","timestamp":"2019-06-09T17:58:20.613Z"}
{"level":"info","message":"Connected to mongodb://localhost/vidly_tests...","timestamp":"2019-06-09T17:58:21.759Z"}
{"level":"info","message":"Connected to mongodb://localhost/vidly_tests...","timestamp":"2019-06-09T17:58:21.809Z"}
{"level":"info","message":"Listening on port ${port}","timestamp":"2019-06-09T17:58:21.838Z"}
{"level":"info","message":"Connected to mongodb://localhost/vidly_tests...","timestamp":"2019-06-09T17:58:22.133Z"}
{"level":"info","message":"Listening on port ${port}","timestamp":"2019-06-09T18:07:45.611Z"}
{"level":"info","message":"Connected to mongodb://localhost/vidly_tests...","timestamp":"2019-06-09T18:07:46.645Z"}
{"level":"info","message":"Connected to mongodb://localhost/vidly_tests...","timestamp":"2019-06-09T18:07:46.992Z"}
{"level":"info","message":"Listening on port ${port}","timestamp":"2019-06-09T18:07:47.011Z"}
{"level":"info","message":"Listening on port ${port}","timestamp":"2019-06-09T18:08:56.080Z"}
{"level":"info","message":"Listening on port ${port}","timestamp":"2019-06-09T18:08:56.103Z"}
{"level":"info","message":"Connected to mongodb://localhost/vidly_tests...","timestamp":"2019-06-09T18:08:57.113Z"}
{"level":"info","message":"Connected to mongodb://localhost/vidly_tests...","timestamp":"2019-06-09T18:08:57.185Z"}
{"level":"info","message":"Listening on port ${port}","timestamp":"2019-06-09T18:08:57.469Z"}
{"level":"info","message":"Connected to mongodb://localhost/vidly_tests...","timestamp":"2019-06-09T18:08:58.545Z"}
{"level":"info","message":"Listening on port ${port}","timestamp":"2019-06-09T18:10:55.242Z"}
{"level":"info","message":"Listening on port ${port}","timestamp":"2019-06-09T18:10:55.371Z"}
{"level":"info","message":"Connected to mongodb://localhost/vidly_tests...","timestamp":"2019-06-09T18:10:56.267Z"}
{"level":"info","message":"Connected to mongodb://localhost/vidly_tests...","timestamp":"2019-06-09T18:10:56.408Z"}
{"level":"info","message":"Connected to mongodb://localhost/vidly_tests...","timestamp":"2019-06-09T18:10:57.288Z"}
{"level":"info","message":"Listening on port ${port}","timestamp":"2019-06-09T18:14:32.093Z"}
{"level":"info","message":"Listening on port ${port}","timestamp":"2019-06-09T18:14:32.130Z"}
{"level":"info","message":"Connected to mongodb://localhost/vidly_tests...","timestamp":"2019-06-09T18:14:33.142Z"}
{"level":"info","message":"Connected to mongodb://localhost/vidly_tests...","timestamp":"2019-06-09T18:14:33.183Z"}
{"level":"info","message":"Connected to mongodb://localhost/vidly_tests...","timestamp":"2019-06-09T18:14:33.294Z"}
{"level":"info","message":"Listening on port ${port}","timestamp":"2019-06-09T18:15:31.350Z"}
{"level":"info","message":"Connected to mongodb://localhost/vidly_tests...","timestamp":"2019-06-09T18:15:32.406Z"}
{"level":"info","message":"Connected to mongodb://localhost/vidly_tests...","timestamp":"2019-06-09T18:15:32.531Z"}
{"level":"info","message":"Listening on port ${port}","timestamp":"2019-06-09T18:15:32.543Z"}
{"level":"info","message":"Connected to mongodb://localhost/vidly_tests...","timestamp":"2019-06-09T18:15:32.835Z"}
{"level":"info","message":"Listening on port ${port}","timestamp":"2019-06-09T18:17:26.847Z"}
{"level":"info","message":"Listening on port ${port}","timestamp":"2019-06-09T18:17:27.391Z"}
{"level":"info","message":"Connected to mongodb://localhost/vidly_tests...","timestamp":"2019-06-09T18:17:27.927Z"}
{"level":"info","message":"Connected to mongodb://localhost/vidly_tests...","timestamp":"2019-06-09T18:17:28.025Z"}
{"level":"info","message":"Listening on port ${port}","timestamp":"2019-06-09T18:17:28.040Z"}
{"level":"info","message":"Connected to mongodb://localhost/vidly_tests...","timestamp":"2019-06-09T18:17:28.434Z"}
{"level":"info","message":"Listening on port ${port}","timestamp":"2019-06-09T18:18:49.390Z"}
{"level":"info","message":"Connected to mongodb://localhost/vidly_tests...","timestamp":"2019-06-09T18:18:50.488Z"}
{"level":"info","message":"Connected to mongodb://localhost/vidly_tests...","timestamp":"2019-06-09T18:18:50.547Z"}
{"level":"info","message":"Listening on port ${port}","timestamp":"2019-06-09T18:18:50.578Z"}
{"level":"info","message":"Connected to mongodb://localhost/vidly_tests...","timestamp":"2019-06-09T18:18:50.919Z"}
{"level":"info","message":"Listening on port ${port}","timestamp":"2019-06-09T18:18:51.940Z"}
{"level":"info","message":"Listening on port ${port}","timestamp":"2019-06-15T14:39:13.698Z"}
{"level":"info","message":"Connected to mongodb://localhost/vidly...","timestamp":"2019-06-15T14:39:14.727Z"}
{"level":"info","message":"Listening on port ${port}","timestamp":"2019-06-15T14:40:30.012Z"}
{"level":"info","message":"Connected to mongodb://localhost/vidly_tests...","timestamp":"2019-06-15T14:40:31.030Z"}
{"level":"info","message":"Listening on port ${port}","timestamp":"2019-06-15T14:41:00.772Z"}
{"level":"info","message":"Connected to mongodb://localhost/vidly_tests...","timestamp":"2019-06-15T14:41:01.794Z"}
{"level":"info","message":"Connected to mongodb://localhost/vidly_tests...","timestamp":"2019-06-15T14:41:01.842Z"}
{"level":"info","message":"Connected to mongodb://localhost/vidly_tests...","timestamp":"2019-06-15T14:41:01.833Z"}
{"level":"info","message":"Listening on port ${port}","timestamp":"2019-06-15T14:41:01.849Z"}
{"level":"info","message":"Listening on port ${port}","timestamp":"2019-06-15T14:41:02.869Z"}
{"level":"info","message":"Listening on port ${port}","timestamp":"2019-06-15T14:46:03.061Z"}
{"level":"info","message":"Listening on port ${port}","timestamp":"2019-06-15T14:46:03.555Z"}
{"level":"info","message":"Connected to mongodb://localhost/vidly_tests...","timestamp":"2019-06-15T14:46:04.093Z"}
{"level":"info","message":"Connected to mongodb://localhost/vidly_tests...","timestamp":"2019-06-15T14:46:04.539Z"}
{"level":"info","message":"Connected to mongodb://localhost/vidly_tests...","timestamp":"2019-06-15T14:46:04.605Z"}
{"level":"info","message":"Listening on port ${port}","timestamp":"2019-06-15T14:46:05.551Z"}
{"level":"info","message":"Listening on port ${port}","timestamp":"2019-06-15T14:46:57.496Z"}
{"level":"info","message":"Listening on port ${port}","timestamp":"2019-06-15T14:46:57.537Z"}
{"level":"info","message":"Connected to mongodb://localhost/vidly_tests...","timestamp":"2019-06-15T14:46:58.523Z"}
{"level":"info","message":"Connected to mongodb://localhost/vidly_tests...","timestamp":"2019-06-15T14:46:58.576Z"}
{"level":"info","message":"Connected to mongodb://localhost/vidly_tests...","timestamp":"2019-06-15T14:46:59.015Z"}
{"level":"info","message":"Listening on port ${port}","timestamp":"2019-06-15T14:47:00.027Z"}
{"level":"info","message":"Listening on port ${port}","timestamp":"2019-06-15T14:47:45.130Z"}
{"level":"info","message":"Connected to mongodb://localhost/vidly_tests...","timestamp":"2019-06-15T14:47:46.169Z"}
{"level":"info","message":"Connected to mongodb://localhost/vidly_tests...","timestamp":"2019-06-15T14:47:46.194Z"}
{"level":"info","message":"Listening on port ${port}","timestamp":"2019-06-15T14:47:46.207Z"}
{"level":"info","message":"Listening on port ${port}","timestamp":"2019-06-15T14:47:47.179Z"}
{"level":"info","message":"Connected to mongodb://localhost/vidly_tests...","timestamp":"2019-06-15T14:47:48.212Z"}
{"level":"info","message":"Listening on port ${port}","timestamp":"2019-06-15T14:48:56.575Z"}
{"level":"info","message":"Listening on port ${port}","timestamp":"2019-06-15T14:48:56.868Z"}
{"level":"info","message":"Connected to mongodb://localhost/vidly_tests...","timestamp":"2019-06-15T14:48:57.612Z"}
{"level":"info","message":"Connected to mongodb://localhost/vidly_tests...","timestamp":"2019-06-15T14:48:57.921Z"}
{"level":"info","message":"Connected to mongodb://localhost/vidly_tests...","timestamp":"2019-06-15T14:48:57.945Z"}
{"level":"info","message":"Listening on port ${port}","timestamp":"2019-06-15T14:48:58.954Z"}
{"level":"info","message":"Listening on port ${port}","timestamp":"2019-06-15T14:49:15.624Z"}
{"level":"info","message":"Listening on port ${port}","timestamp":"2019-06-15T14:49:15.777Z"}
{"level":"info","message":"Connected to mongodb://localhost/vidly_tests...","timestamp":"2019-06-15T14:49:16.646Z"}
{"level":"info","message":"Connected to mongodb://localhost/vidly_tests...","timestamp":"2019-06-15T14:49:16.823Z"}
{"level":"info","message":"Connected to mongodb://localhost/vidly_tests...","timestamp":"2019-06-15T14:49:17.269Z"}
{"level":"info","message":"Listening on port ${port}","timestamp":"2019-06-15T14:49:18.280Z"}
{"level":"info","message":"Listening on port ${port}","timestamp":"2019-06-15T14:53:41.245Z"}
{"level":"info","message":"Connected to mongodb://localhost/vidly_tests...","timestamp":"2019-06-15T14:53:42.267Z"}
{"level":"info","message":"Connected to mongodb://localhost/vidly_tests...","timestamp":"2019-06-15T14:53:42.386Z"}
{"level":"info","message":"Connected to mongodb://localhost/vidly_tests...","timestamp":"2019-06-15T14:53:42.425Z"}
{"level":"info","message":"Listening on port ${port}","timestamp":"2019-06-15T14:53:42.435Z"}
{"level":"info","message":"Listening on port ${port}","timestamp":"2019-06-15T14:53:43.396Z"}
{"level":"info","message":"Listening on port ${port}","timestamp":"2019-06-15T14:58:36.039Z"}
{"level":"info","message":"Listening on port ${port}","timestamp":"2019-06-15T14:58:36.555Z"}
{"level":"info","message":"Connected to mongodb://localhost/vidly_tests...","timestamp":"2019-06-15T14:58:37.072Z"}
{"level":"info","message":"Connected to mongodb://localhost/vidly_tests...","timestamp":"2019-06-15T14:58:37.233Z"}
{"level":"info","message":"Listening on port ${port}","timestamp":"2019-06-15T14:58:37.243Z"}
{"level":"info","message":"Connected to mongodb://localhost/vidly_tests...","timestamp":"2019-06-15T14:58:37.616Z"}
{"level":"info","message":"Listening on port ${port}","timestamp":"2019-06-15T15:06:06.741Z"}
{"level":"info","message":"Connected to mongodb://localhost/vidly_tests...","timestamp":"2019-06-15T15:06:07.776Z"}
{"level":"info","message":"Connected to mongodb://localhost/vidly_tests...","timestamp":"2019-06-15T15:06:07.898Z"}
{"level":"info","message":"Listening on port ${port}","timestamp":"2019-06-15T15:06:07.907Z"}
{"level":"info","message":"Connected to mongodb://localhost/vidly_tests...","timestamp":"2019-06-15T15:06:08.843Z"}
{"level":"info","message":"Listening on port ${port}","timestamp":"2019-06-15T15:06:09.854Z"}
{"level":"info","message":"Listening on port ${port}","timestamp":"2019-06-16T11:01:07.963Z"}
{"level":"info","message":"Connected to mongodb://localhost/vidly...","timestamp":"2019-06-16T11:01:09.047Z"}
{"level":"info","message":"Listening on port ${port}","timestamp":"2019-06-16T11:09:23.704Z"}
{"level":"info","message":"Connected to mongodb://localhost/vidly...","timestamp":"2019-06-16T11:09:24.730Z"}
